<?xml version="1.0" encoding="utf-8"?>
<?AutomationStudio Version="4.12.2.93"?>
<Objects>
  <Object
    Path="D:\B-R-Coffeee-PLTrend-MQTT\B-R-Coffeee-PLTrend-MQTT\CoffeeMachine\Logical\Package.pkg"
    LogicalPath=""
    Type="Package.ParentUnknown"
    LastWriteTime="132496610500000000" />
  <Object
    Path="D:\B-R-Coffeee-PLTrend-MQTT\B-R-Coffeee-PLTrend-MQTT\CoffeeMachine\Logical\Doc\Package.pkg"
    LogicalPath="Doc"
    Type="Package"
    LastWriteTime="129635041000000000" />
  <Object
    Path="D:\B-R-Coffeee-PLTrend-MQTT\B-R-Coffeee-PLTrend-MQTT\CoffeeMachine\Logical\Doc\SoftwareArchitecture.png"
    LogicalPath="Doc.SoftwareArchitecture.png"
    Type="File"
    LastWriteTime="128293862540000000"
    Private="false" />
  <Object
    Path="D:\B-R-Coffeee-PLTrend-MQTT\B-R-Coffeee-PLTrend-MQTT\CoffeeMachine\Logical\Doc\B&amp;RCodingGuideline-ENG.pdf"
    LogicalPath="Doc.B&amp;RCodingGuideline-ENG.pdf"
    Type="File"
    LastWriteTime="128365530580000000"
    Private="false" />
  <Object
    Path="D:\B-R-Coffeee-PLTrend-MQTT\B-R-Coffeee-PLTrend-MQTT\CoffeeMachine\Logical\Doc\B&amp;R Coffee Machine-ENG.pdf"
    LogicalPath="Doc.B&amp;R Coffee Machine-ENG.pdf"
    Type="File"
    LastWriteTime="128388006440000000"
    Private="false" />
  <Object
    Path="D:\B-R-Coffeee-PLTrend-MQTT\B-R-Coffeee-PLTrend-MQTT\CoffeeMachine\Logical\Global.typ"
    LogicalPath="Global.typ"
    Type="File"
    LastWriteTime="129761003980000000"
    Private="false" />
  <Object
    Path="D:\B-R-Coffeee-PLTrend-MQTT\B-R-Coffeee-PLTrend-MQTT\CoffeeMachine\Logical\Global.var"
    LogicalPath="Global.var"
    Type="File"
    LastWriteTime="132496500720000000"
    Private="false" />
  <Object
    Path="D:\B-R-Coffeee-PLTrend-MQTT\B-R-Coffeee-PLTrend-MQTT\CoffeeMachine\Logical\mainlogic\IEC.prg"
    LogicalPath="mainlogic"
    Type="Program"
    LastWriteTime="128807103040000000" />
  <Object
    Path="D:\B-R-Coffeee-PLTrend-MQTT\B-R-Coffeee-PLTrend-MQTT\CoffeeMachine\Logical\mainlogic\MainLogicCyclic.cfc"
    LogicalPath="mainlogic.MainLogicCyclic.cfc"
    Type="File"
    LastWriteTime="129621045660000000"
    Private="false" />
  <Object
    Path="D:\B-R-Coffeee-PLTrend-MQTT\B-R-Coffeee-PLTrend-MQTT\CoffeeMachine\Logical\mainlogic\MainLogicInit.cfc"
    LogicalPath="mainlogic.MainLogicInit.cfc"
    Type="File"
    LastWriteTime="128807103040000000"
    Private="false" />
  <Object
    Path="D:\B-R-Coffeee-PLTrend-MQTT\B-R-Coffeee-PLTrend-MQTT\CoffeeMachine\Logical\mainlogic\mainlogic.var"
    LogicalPath="mainlogic.mainlogic.var"
    Type="File"
    LastWriteTime="128722549240000000"
    Private="true" />
  <Object
    Path="D:\B-R-Coffeee-PLTrend-MQTT\B-R-Coffeee-PLTrend-MQTT\CoffeeMachine\Logical\ConveyorBelt\Package.pkg"
    LogicalPath="ConveyorBelt"
    Type="Package"
    LastWriteTime="129489832780000000" />
  <Object
    Path="D:\B-R-Coffeee-PLTrend-MQTT\B-R-Coffeee-PLTrend-MQTT\CoffeeMachine\Logical\ConveyorBelt\conv_ini\Ax.dob"
    LogicalPath="ConveyorBelt.conv_ini"
    Type="DataObject"
    LastWriteTime="129489832780000000" />
  <Object
    Path="D:\B-R-Coffeee-PLTrend-MQTT\B-R-Coffeee-PLTrend-MQTT\CoffeeMachine\Logical\ConveyorBelt\conv_ini\conv_ini.ax"
    LogicalPath="ConveyorBelt.conv_ini.conv_ini.ax"
    Type="File"
    LastWriteTime="129606482100000000"
    Private="false" />
  <Object
    Path="D:\B-R-Coffeee-PLTrend-MQTT\B-R-Coffeee-PLTrend-MQTT\CoffeeMachine\Logical\ConveyorBelt\conveyor\IEC.prg"
    LogicalPath="ConveyorBelt.conveyor"
    Type="Program"
    LastWriteTime="129489832780000000" />
  <Object
    Path="D:\B-R-Coffeee-PLTrend-MQTT\B-R-Coffeee-PLTrend-MQTT\CoffeeMachine\Logical\ConveyorBelt\conveyor\conveyorCyclic.ld"
    LogicalPath="ConveyorBelt.conveyor.conveyorCyclic.ld"
    Type="File"
    LastWriteTime="129606551040000000"
    Private="false" />
  <Object
    Path="D:\B-R-Coffeee-PLTrend-MQTT\B-R-Coffeee-PLTrend-MQTT\CoffeeMachine\Logical\ConveyorBelt\conveyor\conveyor.var"
    LogicalPath="ConveyorBelt.conveyor.conveyor.var"
    Type="File"
    LastWriteTime="129606507600000000"
    Private="true" />
  <Object
    Path="D:\B-R-Coffeee-PLTrend-MQTT\B-R-Coffeee-PLTrend-MQTT\CoffeeMachine\Logical\BrewingAssembly\Package.pkg"
    LogicalPath="BrewingAssembly"
    Type="Package"
    LastWriteTime="128262948180000000" />
  <Object
    Path="D:\B-R-Coffeee-PLTrend-MQTT\B-R-Coffeee-PLTrend-MQTT\CoffeeMachine\Logical\BrewingAssembly\brewing\IEC.prg"
    LogicalPath="BrewingAssembly.brewing"
    Type="Program"
    LastWriteTime="128807103140000000" />
  <Object
    Path="D:\B-R-Coffeee-PLTrend-MQTT\B-R-Coffeee-PLTrend-MQTT\CoffeeMachine\Logical\BrewingAssembly\brewing\brewing.st"
    LogicalPath="BrewingAssembly.brewing.brewing.st"
    Type="File"
    LastWriteTime="129621045360000000"
    Private="false" />
  <Object
    Path="D:\B-R-Coffeee-PLTrend-MQTT\B-R-Coffeee-PLTrend-MQTT\CoffeeMachine\Logical\BrewingAssembly\brewing\brewing.var"
    LogicalPath="BrewingAssembly.brewing.brewing.var"
    Type="File"
    LastWriteTime="128334489460000000"
    Private="true" />
  <Object
    Path="D:\B-R-Coffeee-PLTrend-MQTT\B-R-Coffeee-PLTrend-MQTT\CoffeeMachine\Logical\FeederArm\Package.pkg"
    LogicalPath="FeederArm"
    Type="Package"
    LastWriteTime="129489832300000000" />
  <Object
    Path="D:\B-R-Coffeee-PLTrend-MQTT\B-R-Coffeee-PLTrend-MQTT\CoffeeMachine\Logical\FeederArm\acp_err\Ett.dob"
    LogicalPath="FeederArm.acp_err"
    Type="DataObject"
    LastWriteTime="129489832300000000" />
  <Object
    Path="D:\B-R-Coffeee-PLTrend-MQTT\B-R-Coffeee-PLTrend-MQTT\CoffeeMachine\Logical\FeederArm\acp_err\acp_err.ett"
    LogicalPath="FeederArm.acp_err.acp_err.ett"
    Type="File"
    LastWriteTime="129489832300000000"
    Private="false" />
  <Object
    Path="D:\B-R-Coffeee-PLTrend-MQTT\B-R-Coffeee-PLTrend-MQTT\CoffeeMachine\Logical\FeederArm\motor_sim\Apt.dob"
    LogicalPath="FeederArm.motor_sim"
    Type="DataObject"
    LastWriteTime="129489832300000000" />
  <Object
    Path="D:\B-R-Coffeee-PLTrend-MQTT\B-R-Coffeee-PLTrend-MQTT\CoffeeMachine\Logical\FeederArm\motor_sim\motor_sim.apt"
    LogicalPath="FeederArm.motor_sim.motor_sim.apt"
    Type="File"
    LastWriteTime="129489832300000000"
    Private="false" />
  <Object
    Path="D:\B-R-Coffeee-PLTrend-MQTT\B-R-Coffeee-PLTrend-MQTT\CoffeeMachine\Logical\FeederArm\motor_office\Apt.dob"
    LogicalPath="FeederArm.motor_office"
    Type="DataObject"
    LastWriteTime="129489832300000000" />
  <Object
    Path="D:\B-R-Coffeee-PLTrend-MQTT\B-R-Coffeee-PLTrend-MQTT\CoffeeMachine\Logical\FeederArm\motor_office\motor_office.apt"
    LogicalPath="FeederArm.motor_office.motor_office.apt"
    Type="File"
    LastWriteTime="129489832300000000"
    Private="false" />
  <Object
    Path="D:\B-R-Coffeee-PLTrend-MQTT\B-R-Coffeee-PLTrend-MQTT\CoffeeMachine\Logical\FeederArm\feed_ini\Ax.dob"
    LogicalPath="FeederArm.feed_ini"
    Type="DataObject"
    LastWriteTime="129489832300000000" />
  <Object
    Path="D:\B-R-Coffeee-PLTrend-MQTT\B-R-Coffeee-PLTrend-MQTT\CoffeeMachine\Logical\FeederArm\feed_ini\feed_ini.ax"
    LogicalPath="FeederArm.feed_ini.feed_ini.ax"
    Type="File"
    LastWriteTime="129606482200000000"
    Private="false" />
  <Object
    Path="D:\B-R-Coffeee-PLTrend-MQTT\B-R-Coffeee-PLTrend-MQTT\CoffeeMachine\Logical\FeederArm\feeder\IEC.prg"
    LogicalPath="FeederArm.feeder"
    Type="Program"
    LastWriteTime="129489832300000000" />
  <Object
    Path="D:\B-R-Coffeee-PLTrend-MQTT\B-R-Coffeee-PLTrend-MQTT\CoffeeMachine\Logical\FeederArm\feeder\feederCyclic.ld"
    LogicalPath="FeederArm.feeder.feederCyclic.ld"
    Type="File"
    LastWriteTime="129606551040000000"
    Private="false" />
  <Object
    Path="D:\B-R-Coffeee-PLTrend-MQTT\B-R-Coffeee-PLTrend-MQTT\CoffeeMachine\Logical\FeederArm\feeder\feeder.var"
    LogicalPath="FeederArm.feeder.feeder.var"
    Type="File"
    LastWriteTime="129606505720000000"
    Private="true" />
  <Object
    Path="D:\B-R-Coffeee-PLTrend-MQTT\B-R-Coffeee-PLTrend-MQTT\CoffeeMachine\Logical\FlowHeater\Package.pkg"
    LogicalPath="FlowHeater"
    Type="Package"
    LastWriteTime="128262948220000000" />
  <Object
    Path="D:\B-R-Coffeee-PLTrend-MQTT\B-R-Coffeee-PLTrend-MQTT\CoffeeMachine\Logical\FlowHeater\heating\ANSIC.prg"
    LogicalPath="FlowHeater.heating"
    Type="Program"
    LastWriteTime="128807103160000000" />
  <Object
    Path="D:\B-R-Coffeee-PLTrend-MQTT\B-R-Coffeee-PLTrend-MQTT\CoffeeMachine\Logical\FlowHeater\heating\heating.c"
    LogicalPath="FlowHeater.heating.heating.c"
    Type="File"
    LastWriteTime="130234470380000000"
    Private="false" />
  <Object
    Path="D:\B-R-Coffeee-PLTrend-MQTT\B-R-Coffeee-PLTrend-MQTT\CoffeeMachine\Logical\FlowHeater\heating\heating.var"
    LogicalPath="FlowHeater.heating.heating.var"
    Type="File"
    LastWriteTime="128334490640000000"
    Private="true" />
  <Object
    Path="D:\B-R-Coffeee-PLTrend-MQTT\B-R-Coffeee-PLTrend-MQTT\CoffeeMachine\Logical\Recipes\Package.pkg"
    LogicalPath="Recipes"
    Type="Package"
    LastWriteTime="128728437380000000" />
  <Object
    Path="D:\B-R-Coffeee-PLTrend-MQTT\B-R-Coffeee-PLTrend-MQTT\CoffeeMachine\Logical\Recipes\regular\Simple.dob"
    LogicalPath="Recipes.regular"
    Type="DataObject"
    LastWriteTime="128728437840000000" />
  <Object
    Path="D:\B-R-Coffeee-PLTrend-MQTT\B-R-Coffeee-PLTrend-MQTT\CoffeeMachine\Logical\Recipes\regular\regular.dat"
    LogicalPath="Recipes.regular.regular.dat"
    Type="File"
    LastWriteTime="128728437720000000"
    Private="false" />
  <Object
    Path="D:\B-R-Coffeee-PLTrend-MQTT\B-R-Coffeee-PLTrend-MQTT\CoffeeMachine\Logical\Recipes\cappu\Simple.dob"
    LogicalPath="Recipes.cappu"
    Type="DataObject"
    LastWriteTime="128266216540000000" />
  <Object
    Path="D:\B-R-Coffeee-PLTrend-MQTT\B-R-Coffeee-PLTrend-MQTT\CoffeeMachine\Logical\Recipes\cappu\cappu.dat"
    LogicalPath="Recipes.cappu.cappu.dat"
    Type="File"
    LastWriteTime="128334472060000000"
    Private="false" />
  <Object
    Path="D:\B-R-Coffeee-PLTrend-MQTT\B-R-Coffeee-PLTrend-MQTT\CoffeeMachine\Logical\Recipes\espres\Simple.dob"
    LogicalPath="Recipes.espres"
    Type="DataObject"
    LastWriteTime="128266215780000000" />
  <Object
    Path="D:\B-R-Coffeee-PLTrend-MQTT\B-R-Coffeee-PLTrend-MQTT\CoffeeMachine\Logical\Recipes\espres\espres.dat"
    LogicalPath="Recipes.espres.espres.dat"
    Type="File"
    LastWriteTime="128334472060000000"
    Private="false" />
  <Object
    Path="D:\B-R-Coffeee-PLTrend-MQTT\B-R-Coffeee-PLTrend-MQTT\CoffeeMachine\Logical\Visualisation\Package.pkg"
    LogicalPath="Visualisation"
    Type="Package"
    LastWriteTime="130705405140000000" />
  <Object
    Path="D:\B-R-Coffeee-PLTrend-MQTT\B-R-Coffeee-PLTrend-MQTT\CoffeeMachine\Logical\Visualisation\Visu\Vc.dob"
    LogicalPath="Visualisation.Visu"
    Type="DataObject"
    LastWriteTime="130233086560000000" />
  <Object
    Path="D:\B-R-Coffeee-PLTrend-MQTT\B-R-Coffeee-PLTrend-MQTT\CoffeeMachine\Logical\Visualisation\Visu\VCObject.vc"
    LogicalPath="Visualisation.Visu.VCObject.vc"
    Type="File"
    LastWriteTime="130233086680000000"
    Private="false" />
  <Object
    Path="D:\B-R-Coffeee-PLTrend-MQTT\B-R-Coffeee-PLTrend-MQTT\CoffeeMachine\Logical\Visualisation\VisuW\Vc.dob"
    LogicalPath="Visualisation.VisuW"
    Type="DataObject"
    LastWriteTime="130233069200000000" />
  <Object
    Path="D:\B-R-Coffeee-PLTrend-MQTT\B-R-Coffeee-PLTrend-MQTT\CoffeeMachine\Logical\Visualisation\VisuW\VCObject.vc"
    LogicalPath="Visualisation.VisuW.VCObject.vc"
    Type="File"
    LastWriteTime="130705392460000000"
    Private="false" />
  <Object
    Path="D:\B-R-Coffeee-PLTrend-MQTT\B-R-Coffeee-PLTrend-MQTT\CoffeeMachine\Logical\Visualisation\visCtrl\IEC.prg"
    LogicalPath="Visualisation.visCtrl"
    Type="Program"
    LastWriteTime="128807103240000000" />
  <Object
    Path="D:\B-R-Coffeee-PLTrend-MQTT\B-R-Coffeee-PLTrend-MQTT\CoffeeMachine\Logical\Visualisation\visCtrl\visCtrl.st"
    LogicalPath="Visualisation.visCtrl.visCtrl.st"
    Type="File"
    LastWriteTime="130167962240000000"
    Private="false" />
  <Object
    Path="D:\B-R-Coffeee-PLTrend-MQTT\B-R-Coffeee-PLTrend-MQTT\CoffeeMachine\Logical\Visualisation\visCtrl\visCtrl.typ"
    LogicalPath="Visualisation.visCtrl.visCtrl.typ"
    Type="File"
    LastWriteTime="128674026220000000"
    Private="true" />
  <Object
    Path="D:\B-R-Coffeee-PLTrend-MQTT\B-R-Coffeee-PLTrend-MQTT\CoffeeMachine\Logical\Visualisation\visCtrl\visCtrl.var"
    LogicalPath="Visualisation.visCtrl.visCtrl.var"
    Type="File"
    LastWriteTime="130167957880000000"
    Private="true" />
  <Object
    Path="D:\B-R-Coffeee-PLTrend-MQTT\B-R-Coffeee-PLTrend-MQTT\CoffeeMachine\Logical\Visualisation\visAlarm\IEC.prg"
    LogicalPath="Visualisation.visAlarm"
    Type="Program"
    LastWriteTime="128807103300000000" />
  <Object
    Path="D:\B-R-Coffeee-PLTrend-MQTT\B-R-Coffeee-PLTrend-MQTT\CoffeeMachine\Logical\Visualisation\visAlarm\visAlarmCyclic.st"
    LogicalPath="Visualisation.visAlarm.visAlarmCyclic.st"
    Type="File"
    LastWriteTime="130456570940000000"
    Private="false" />
  <Object
    Path="D:\B-R-Coffeee-PLTrend-MQTT\B-R-Coffeee-PLTrend-MQTT\CoffeeMachine\Logical\Visualisation\visAlarm\visAlarmInit.st"
    LogicalPath="Visualisation.visAlarm.visAlarmInit.st"
    Type="File"
    LastWriteTime="128807103300000000"
    Private="false" />
  <Object
    Path="D:\B-R-Coffeee-PLTrend-MQTT\B-R-Coffeee-PLTrend-MQTT\CoffeeMachine\Logical\Visualisation\visAlarm\visAlarm.typ"
    LogicalPath="Visualisation.visAlarm.visAlarm.typ"
    Type="File"
    LastWriteTime="128401964860000000"
    Private="true" />
  <Object
    Path="D:\B-R-Coffeee-PLTrend-MQTT\B-R-Coffeee-PLTrend-MQTT\CoffeeMachine\Logical\Visualisation\visAlarm\visAlarm.var"
    LogicalPath="Visualisation.visAlarm.visAlarm.var"
    Type="File"
    LastWriteTime="129609133100000000"
    Private="true" />
  <Object
    Path="D:\B-R-Coffeee-PLTrend-MQTT\B-R-Coffeee-PLTrend-MQTT\CoffeeMachine\Logical\Visualisation\visTrend\IEC.prg"
    LogicalPath="Visualisation.visTrend"
    Type="Program"
    LastWriteTime="128807103340000000" />
  <Object
    Path="D:\B-R-Coffeee-PLTrend-MQTT\B-R-Coffeee-PLTrend-MQTT\CoffeeMachine\Logical\Visualisation\visTrend\visTrendCyclic.st"
    LogicalPath="Visualisation.visTrend.visTrendCyclic.st"
    Type="File"
    LastWriteTime="128807103340000000"
    Private="false" />
  <Object
    Path="D:\B-R-Coffeee-PLTrend-MQTT\B-R-Coffeee-PLTrend-MQTT\CoffeeMachine\Logical\Visualisation\visTrend\visTrendInit.st"
    LogicalPath="Visualisation.visTrend.visTrendInit.st"
    Type="File"
    LastWriteTime="128807103340000000"
    Private="false" />
  <Object
    Path="D:\B-R-Coffeee-PLTrend-MQTT\B-R-Coffeee-PLTrend-MQTT\CoffeeMachine\Logical\Visualisation\visTrend\visTrend.typ"
    LogicalPath="Visualisation.visTrend.visTrend.typ"
    Type="File"
    LastWriteTime="128668329120000000"
    Private="true" />
  <Object
    Path="D:\B-R-Coffeee-PLTrend-MQTT\B-R-Coffeee-PLTrend-MQTT\CoffeeMachine\Logical\Visualisation\visTrend\visTrend.var"
    LogicalPath="Visualisation.visTrend.visTrend.var"
    Type="File"
    LastWriteTime="128671677760000000"
    Private="true" />
  <Object
    Path="D:\B-R-Coffeee-PLTrend-MQTT\B-R-Coffeee-PLTrend-MQTT\CoffeeMachine\Logical\Libraries\Package.pkg"
    LogicalPath="Libraries"
    Type="Package"
    LastWriteTime="132829196820000000" />
  <Object
    Path="D:\B-R-Coffeee-PLTrend-MQTT\B-R-Coffeee-PLTrend-MQTT\CoffeeMachine\Logical\Libraries\Convert\Binary.lby"
    LogicalPath="Libraries.Convert"
    Type="Library"
    LastWriteTime="130905912840000000" />
  <Object
    Path="D:\B-R-Coffeee-PLTrend-MQTT\B-R-Coffeee-PLTrend-MQTT\CoffeeMachine\Logical\Libraries\Convert\Convert.fun"
    LogicalPath="Libraries.Convert.Convert.fun"
    Type="File"
    LastWriteTime="130905912440000000"
    Private="false" />
  <Object
    Path="D:\B-R-Coffeee-PLTrend-MQTT\B-R-Coffeee-PLTrend-MQTT\CoffeeMachine\Logical\Libraries\Convert\Convert.typ"
    LogicalPath="Libraries.Convert.Convert.typ"
    Type="File"
    LastWriteTime="130905912560000000"
    Private="false" />
  <Object
    Path="D:\B-R-Coffeee-PLTrend-MQTT\B-R-Coffeee-PLTrend-MQTT\CoffeeMachine\Logical\Libraries\Convert\Convert.var"
    LogicalPath="Libraries.Convert.Convert.var"
    Type="File"
    LastWriteTime="130905912700000000"
    Private="false" />
  <Object
    Path="D:\B-R-Coffeee-PLTrend-MQTT\B-R-Coffeee-PLTrend-MQTT\CoffeeMachine\Logical\Libraries\Runtime\Binary.lby"
    LogicalPath="Libraries.Runtime"
    Type="Library"
    LastWriteTime="130905912860000000" />
  <Object
    Path="D:\B-R-Coffeee-PLTrend-MQTT\B-R-Coffeee-PLTrend-MQTT\CoffeeMachine\Logical\Libraries\Runtime\runtime.fun"
    LogicalPath="Libraries.Runtime.runtime.fun"
    Type="File"
    LastWriteTime="130905912460000000"
    Private="false" />
  <Object
    Path="D:\B-R-Coffeee-PLTrend-MQTT\B-R-Coffeee-PLTrend-MQTT\CoffeeMachine\Logical\Libraries\Runtime\runtime.typ"
    LogicalPath="Libraries.Runtime.runtime.typ"
    Type="File"
    LastWriteTime="130905912600000000"
    Private="false" />
  <Object
    Path="D:\B-R-Coffeee-PLTrend-MQTT\B-R-Coffeee-PLTrend-MQTT\CoffeeMachine\Logical\Libraries\Runtime\runtime.var"
    LogicalPath="Libraries.Runtime.runtime.var"
    Type="File"
    LastWriteTime="130905912720000000"
    Private="false" />
  <Object
    Path="D:\B-R-Coffeee-PLTrend-MQTT\B-R-Coffeee-PLTrend-MQTT\CoffeeMachine\Logical\Libraries\sys_lib\Binary.lby"
    LogicalPath="Libraries.sys_lib"
    Type="Library"
    LastWriteTime="130905912860000000" />
  <Object
    Path="D:\B-R-Coffeee-PLTrend-MQTT\B-R-Coffeee-PLTrend-MQTT\CoffeeMachine\Logical\Libraries\sys_lib\sys_lib.fun"
    LogicalPath="Libraries.sys_lib.sys_lib.fun"
    Type="File"
    LastWriteTime="130905912460000000"
    Private="false" />
  <Object
    Path="D:\B-R-Coffeee-PLTrend-MQTT\B-R-Coffeee-PLTrend-MQTT\CoffeeMachine\Logical\Libraries\sys_lib\sys_lib.typ"
    LogicalPath="Libraries.sys_lib.sys_lib.typ"
    Type="File"
    LastWriteTime="130905912600000000"
    Private="false" />
  <Object
    Path="D:\B-R-Coffeee-PLTrend-MQTT\B-R-Coffeee-PLTrend-MQTT\CoffeeMachine\Logical\Libraries\sys_lib\sys_lib.var"
    LogicalPath="Libraries.sys_lib.sys_lib.var"
    Type="File"
    LastWriteTime="130905912720000000"
    Private="false" />
  <Object
    Path="D:\B-R-Coffeee-PLTrend-MQTT\B-R-Coffeee-PLTrend-MQTT\CoffeeMachine\Logical\Libraries\brsystem\Binary.lby"
    LogicalPath="Libraries.brsystem"
    Type="Library"
    LastWriteTime="130905912820000000" />
  <Object
    Path="D:\B-R-Coffeee-PLTrend-MQTT\B-R-Coffeee-PLTrend-MQTT\CoffeeMachine\Logical\Libraries\brsystem\brsystem.fun"
    LogicalPath="Libraries.brsystem.brsystem.fun"
    Type="File"
    LastWriteTime="130905912440000000"
    Private="false" />
  <Object
    Path="D:\B-R-Coffeee-PLTrend-MQTT\B-R-Coffeee-PLTrend-MQTT\CoffeeMachine\Logical\Libraries\brsystem\brsystem.typ"
    LogicalPath="Libraries.brsystem.brsystem.typ"
    Type="File"
    LastWriteTime="130905912560000000"
    Private="false" />
  <Object
    Path="D:\B-R-Coffeee-PLTrend-MQTT\B-R-Coffeee-PLTrend-MQTT\CoffeeMachine\Logical\Libraries\brsystem\brsystem.var"
    LogicalPath="Libraries.brsystem.brsystem.var"
    Type="File"
    LastWriteTime="130905912700000000"
    Private="false" />
  <Object
    Path="D:\B-R-Coffeee-PLTrend-MQTT\B-R-Coffeee-PLTrend-MQTT\CoffeeMachine\Logical\Libraries\Standard\Binary.lby"
    LogicalPath="Libraries.Standard"
    Type="Library"
    LastWriteTime="130905912860000000" />
  <Object
    Path="D:\B-R-Coffeee-PLTrend-MQTT\B-R-Coffeee-PLTrend-MQTT\CoffeeMachine\Logical\Libraries\Standard\standard.fun"
    LogicalPath="Libraries.Standard.standard.fun"
    Type="File"
    LastWriteTime="130905912460000000"
    Private="false" />
  <Object
    Path="D:\B-R-Coffeee-PLTrend-MQTT\B-R-Coffeee-PLTrend-MQTT\CoffeeMachine\Logical\Libraries\Standard\standard.typ"
    LogicalPath="Libraries.Standard.standard.typ"
    Type="File"
    LastWriteTime="130905912600000000"
    Private="false" />
  <Object
    Path="D:\B-R-Coffeee-PLTrend-MQTT\B-R-Coffeee-PLTrend-MQTT\CoffeeMachine\Logical\Libraries\Standard\standard.var"
    LogicalPath="Libraries.Standard.standard.var"
    Type="File"
    LastWriteTime="130905912720000000"
    Private="false" />
  <Object
    Path="D:\B-R-Coffeee-PLTrend-MQTT\B-R-Coffeee-PLTrend-MQTT\CoffeeMachine\Logical\Libraries\AsString\Binary.lby"
    LogicalPath="Libraries.AsString"
    Type="Library"
    LastWriteTime="130905912820000000" />
  <Object
    Path="D:\B-R-Coffeee-PLTrend-MQTT\B-R-Coffeee-PLTrend-MQTT\CoffeeMachine\Logical\Libraries\AsString\asstring.fun"
    LogicalPath="Libraries.AsString.asstring.fun"
    Type="File"
    LastWriteTime="130905912420000000"
    Private="false" />
  <Object
    Path="D:\B-R-Coffeee-PLTrend-MQTT\B-R-Coffeee-PLTrend-MQTT\CoffeeMachine\Logical\Libraries\AsString\asstring.typ"
    LogicalPath="Libraries.AsString.asstring.typ"
    Type="File"
    LastWriteTime="130905912560000000"
    Private="false" />
  <Object
    Path="D:\B-R-Coffeee-PLTrend-MQTT\B-R-Coffeee-PLTrend-MQTT\CoffeeMachine\Logical\Libraries\AsString\asstring.var"
    LogicalPath="Libraries.AsString.asstring.var"
    Type="File"
    LastWriteTime="130905912680000000"
    Private="false" />
  <Object
    Path="D:\B-R-Coffeee-PLTrend-MQTT\B-R-Coffeee-PLTrend-MQTT\CoffeeMachine\Logical\Libraries\DataObj\Binary.lby"
    LogicalPath="Libraries.DataObj"
    Type="Library"
    LastWriteTime="130905912840000000" />
  <Object
    Path="D:\B-R-Coffeee-PLTrend-MQTT\B-R-Coffeee-PLTrend-MQTT\CoffeeMachine\Logical\Libraries\DataObj\DataObj.fun"
    LogicalPath="Libraries.DataObj.DataObj.fun"
    Type="File"
    LastWriteTime="130905912440000000"
    Private="false" />
  <Object
    Path="D:\B-R-Coffeee-PLTrend-MQTT\B-R-Coffeee-PLTrend-MQTT\CoffeeMachine\Logical\Libraries\DataObj\DataObj.typ"
    LogicalPath="Libraries.DataObj.DataObj.typ"
    Type="File"
    LastWriteTime="130905912560000000"
    Private="false" />
  <Object
    Path="D:\B-R-Coffeee-PLTrend-MQTT\B-R-Coffeee-PLTrend-MQTT\CoffeeMachine\Logical\Libraries\DataObj\DataObj.var"
    LogicalPath="Libraries.DataObj.DataObj.var"
    Type="File"
    LastWriteTime="130905912700000000"
    Private="false" />
  <Object
    Path="D:\B-R-Coffeee-PLTrend-MQTT\B-R-Coffeee-PLTrend-MQTT\CoffeeMachine\Logical\Libraries\FileIO\Binary.lby"
    LogicalPath="Libraries.FileIO"
    Type="Library"
    LastWriteTime="130905912840000000" />
  <Object
    Path="D:\B-R-Coffeee-PLTrend-MQTT\B-R-Coffeee-PLTrend-MQTT\CoffeeMachine\Logical\Libraries\FileIO\FileIO.fun"
    LogicalPath="Libraries.FileIO.FileIO.fun"
    Type="File"
    LastWriteTime="130905912440000000"
    Private="false" />
  <Object
    Path="D:\B-R-Coffeee-PLTrend-MQTT\B-R-Coffeee-PLTrend-MQTT\CoffeeMachine\Logical\Libraries\FileIO\FileIO.typ"
    LogicalPath="Libraries.FileIO.FileIO.typ"
    Type="File"
    LastWriteTime="130905912580000000"
    Private="false" />
  <Object
    Path="D:\B-R-Coffeee-PLTrend-MQTT\B-R-Coffeee-PLTrend-MQTT\CoffeeMachine\Logical\Libraries\FileIO\FileIO.var"
    LogicalPath="Libraries.FileIO.FileIO.var"
    Type="File"
    LastWriteTime="130905912720000000"
    Private="false" />
  <Object
    Path="D:\B-R-Coffeee-PLTrend-MQTT\B-R-Coffeee-PLTrend-MQTT\CoffeeMachine\Logical\Libraries\operator\Binary.lby"
    LogicalPath="Libraries.operator"
    Type="Library"
    LastWriteTime="130905912860000000" />
  <Object
    Path="D:\B-R-Coffeee-PLTrend-MQTT\B-R-Coffeee-PLTrend-MQTT\CoffeeMachine\Logical\Libraries\operator\operator.fun"
    LogicalPath="Libraries.operator.operator.fun"
    Type="File"
    LastWriteTime="130905912460000000"
    Private="false" />
  <Object
    Path="D:\B-R-Coffeee-PLTrend-MQTT\B-R-Coffeee-PLTrend-MQTT\CoffeeMachine\Logical\Libraries\operator\operator.typ"
    LogicalPath="Libraries.operator.operator.typ"
    Type="File"
    LastWriteTime="130905912580000000"
    Private="false" />
  <Object
    Path="D:\B-R-Coffeee-PLTrend-MQTT\B-R-Coffeee-PLTrend-MQTT\CoffeeMachine\Logical\Libraries\operator\operator.var"
    LogicalPath="Libraries.operator.operator.var"
    Type="File"
    LastWriteTime="130905912720000000"
    Private="false" />
  <Object
    Path="D:\B-R-Coffeee-PLTrend-MQTT\B-R-Coffeee-PLTrend-MQTT\CoffeeMachine\Logical\Libraries\AsTime\Binary.lby"
    LogicalPath="Libraries.AsTime"
    Type="Library"
    LastWriteTime="130905912820000000" />
  <Object
    Path="D:\B-R-Coffeee-PLTrend-MQTT\B-R-Coffeee-PLTrend-MQTT\CoffeeMachine\Logical\Libraries\AsTime\astime.fun"
    LogicalPath="Libraries.AsTime.astime.fun"
    Type="File"
    LastWriteTime="130905912420000000"
    Private="false" />
  <Object
    Path="D:\B-R-Coffeee-PLTrend-MQTT\B-R-Coffeee-PLTrend-MQTT\CoffeeMachine\Logical\Libraries\AsTime\astime.typ"
    LogicalPath="Libraries.AsTime.astime.typ"
    Type="File"
    LastWriteTime="130905912560000000"
    Private="false" />
  <Object
    Path="D:\B-R-Coffeee-PLTrend-MQTT\B-R-Coffeee-PLTrend-MQTT\CoffeeMachine\Logical\Libraries\AsTime\astime.var"
    LogicalPath="Libraries.AsTime.astime.var"
    Type="File"
    LastWriteTime="130905912680000000"
    Private="false" />
  <Object
    Path="D:\B-R-Coffeee-PLTrend-MQTT\B-R-Coffeee-PLTrend-MQTT\CoffeeMachine\Logical\Libraries\CoffeeLib\IEC.lby"
    LogicalPath="Libraries.CoffeeLib"
    Type="Library"
    LastWriteTime="128394034100000000" />
  <Object
    Path="D:\B-R-Coffeee-PLTrend-MQTT\B-R-Coffeee-PLTrend-MQTT\CoffeeMachine\Logical\Libraries\CoffeeLib\CoffeeLib.fun"
    LogicalPath="Libraries.CoffeeLib.CoffeeLib.fun"
    Type="File"
    LastWriteTime="128394034100000000"
    Private="false" />
  <Object
    Path="D:\B-R-Coffeee-PLTrend-MQTT\B-R-Coffeee-PLTrend-MQTT\CoffeeMachine\Logical\Libraries\CoffeeLib\CoffeeLib.st"
    LogicalPath="Libraries.CoffeeLib.CoffeeLib.st"
    Type="File"
    LastWriteTime="128394144540000000"
    Private="false" />
  <Object
    Path="D:\B-R-Coffeee-PLTrend-MQTT\B-R-Coffeee-PLTrend-MQTT\CoffeeMachine\Logical\Libraries\Visapi\Binary.lby"
    LogicalPath="Libraries.Visapi"
    Type="Library"
    LastWriteTime="130909628980000000" />
  <Object
    Path="D:\B-R-Coffeee-PLTrend-MQTT\B-R-Coffeee-PLTrend-MQTT\CoffeeMachine\Logical\Libraries\Visapi\Visapi.typ"
    LogicalPath="Libraries.Visapi.Visapi.typ"
    Type="File"
    LastWriteTime="130909628980000000"
    Private="false" />
  <Object
    Path="D:\B-R-Coffeee-PLTrend-MQTT\B-R-Coffeee-PLTrend-MQTT\CoffeeMachine\Logical\Libraries\Visapi\Visapi.fun"
    LogicalPath="Libraries.Visapi.Visapi.fun"
    Type="File"
    LastWriteTime="130416118080000000"
    Private="false" />
  <Object
    Path="D:\B-R-Coffeee-PLTrend-MQTT\B-R-Coffeee-PLTrend-MQTT\CoffeeMachine\Logical\Libraries\Visapi\Visapi.var"
    LogicalPath="Libraries.Visapi.Visapi.var"
    Type="File"
    LastWriteTime="130909628980000000"
    Private="false" />
  <Object
    Path="D:\B-R-Coffeee-PLTrend-MQTT\B-R-Coffeee-PLTrend-MQTT\CoffeeMachine\Logical\Libraries\AsArSdm\Binary.lby"
    LogicalPath="Libraries.AsArSdm"
    Type="Library"
    LastWriteTime="130905912740000000" />
  <Object
    Path="D:\B-R-Coffeee-PLTrend-MQTT\B-R-Coffeee-PLTrend-MQTT\CoffeeMachine\Logical\Libraries\AsArSdm\AsArSdm.fun"
    LogicalPath="Libraries.AsArSdm.AsArSdm.fun"
    Type="File"
    LastWriteTime="130905912340000000"
    Private="false" />
  <Object
    Path="D:\B-R-Coffeee-PLTrend-MQTT\B-R-Coffeee-PLTrend-MQTT\CoffeeMachine\Logical\Libraries\AsArSdm\AsArSdm.typ"
    LogicalPath="Libraries.AsArSdm.AsArSdm.typ"
    Type="File"
    LastWriteTime="130905912480000000"
    Private="false" />
  <Object
    Path="D:\B-R-Coffeee-PLTrend-MQTT\B-R-Coffeee-PLTrend-MQTT\CoffeeMachine\Logical\Libraries\AsArSdm\AsArSdm.var"
    LogicalPath="Libraries.AsArSdm.AsArSdm.var"
    Type="File"
    LastWriteTime="130905912600000000"
    Private="false" />
  <Object
    Path="D:\B-R-Coffeee-PLTrend-MQTT\B-R-Coffeee-PLTrend-MQTT\CoffeeMachine\Logical\Libraries\AsArProf\Binary.lby"
    LogicalPath="Libraries.AsArProf"
    Type="Library"
    LastWriteTime="130905912740000000" />
  <Object
    Path="D:\B-R-Coffeee-PLTrend-MQTT\B-R-Coffeee-PLTrend-MQTT\CoffeeMachine\Logical\Libraries\AsArProf\AsArProf.fun"
    LogicalPath="Libraries.AsArProf.AsArProf.fun"
    Type="File"
    LastWriteTime="130905912340000000"
    Private="false" />
  <Object
    Path="D:\B-R-Coffeee-PLTrend-MQTT\B-R-Coffeee-PLTrend-MQTT\CoffeeMachine\Logical\Libraries\AsArProf\AsArProf.typ"
    LogicalPath="Libraries.AsArProf.AsArProf.typ"
    Type="File"
    LastWriteTime="130905912480000000"
    Private="false" />
  <Object
    Path="D:\B-R-Coffeee-PLTrend-MQTT\B-R-Coffeee-PLTrend-MQTT\CoffeeMachine\Logical\Libraries\AsArProf\AsArProf.var"
    LogicalPath="Libraries.AsArProf.AsArProf.var"
    Type="File"
    LastWriteTime="130905912600000000"
    Private="false" />
  <Object
    Path="D:\B-R-Coffeee-PLTrend-MQTT\B-R-Coffeee-PLTrend-MQTT\CoffeeMachine\Logical\Libraries\LoopConR\Binary.lby"
    LogicalPath="Libraries.LoopConR"
    Type="Library"
    LastWriteTime="132690738140000000" />
  <Object
    Path="D:\B-R-Coffeee-PLTrend-MQTT\B-R-Coffeee-PLTrend-MQTT\CoffeeMachine\Logical\Libraries\LoopConR\LoopConR.var"
    LogicalPath="Libraries.LoopConR.LoopConR.var"
    Type="File"
    LastWriteTime="132690738140000000"
    Private="false" />
  <Object
    Path="D:\B-R-Coffeee-PLTrend-MQTT\B-R-Coffeee-PLTrend-MQTT\CoffeeMachine\Logical\Libraries\LoopConR\LoopConR.typ"
    LogicalPath="Libraries.LoopConR.LoopConR.typ"
    Type="File"
    LastWriteTime="132690738140000000"
    Private="false" />
  <Object
    Path="D:\B-R-Coffeee-PLTrend-MQTT\B-R-Coffeee-PLTrend-MQTT\CoffeeMachine\Logical\Libraries\LoopConR\LoopConR.fun"
    LogicalPath="Libraries.LoopConR.LoopConR.fun"
    Type="File"
    LastWriteTime="132690738140000000"
    Private="false" />
  <Object
    Path="D:\B-R-Coffeee-PLTrend-MQTT\B-R-Coffeee-PLTrend-MQTT\CoffeeMachine\Logical\Libraries\Acp10man\Binary.lby"
    LogicalPath="Libraries.Acp10man"
    Type="Library"
    LastWriteTime="132829196820000000" />
  <Object
    Path="D:\B-R-Coffeee-PLTrend-MQTT\B-R-Coffeee-PLTrend-MQTT\CoffeeMachine\Logical\Libraries\Acp10man\Acp10man.typ"
    LogicalPath="Libraries.Acp10man.Acp10man.typ"
    Type="File"
    LastWriteTime="132829196820000000"
    Private="false" />
  <Object
    Path="D:\B-R-Coffeee-PLTrend-MQTT\B-R-Coffeee-PLTrend-MQTT\CoffeeMachine\Logical\Libraries\Acp10par\Binary.lby"
    LogicalPath="Libraries.Acp10par"
    Type="Library"
    LastWriteTime="132829196820000000" />
  <Object
    Path="D:\B-R-Coffeee-PLTrend-MQTT\B-R-Coffeee-PLTrend-MQTT\CoffeeMachine\Logical\Libraries\Acp10par\Acp10par.var"
    LogicalPath="Libraries.Acp10par.Acp10par.var"
    Type="File"
    LastWriteTime="132829196820000000"
    Private="false" />
  <Object
    Path="D:\B-R-Coffeee-PLTrend-MQTT\B-R-Coffeee-PLTrend-MQTT\CoffeeMachine\Logical\Libraries\NcGlobal\Binary.lby"
    LogicalPath="Libraries.NcGlobal"
    Type="Library"
    LastWriteTime="132829196820000000" />
  <Object
    Path="D:\B-R-Coffeee-PLTrend-MQTT\B-R-Coffeee-PLTrend-MQTT\CoffeeMachine\Logical\Libraries\NcGlobal\NcGlobal.fun"
    LogicalPath="Libraries.NcGlobal.NcGlobal.fun"
    Type="File"
    LastWriteTime="132829196820000000"
    Private="false" />
  <Object
    Path="D:\B-R-Coffeee-PLTrend-MQTT\B-R-Coffeee-PLTrend-MQTT\CoffeeMachine\Logical\Libraries\NcGlobal\NcGlobal.typ"
    LogicalPath="Libraries.NcGlobal.NcGlobal.typ"
    Type="File"
    LastWriteTime="132829196820000000"
    Private="false" />
  <Object
    Path="D:\B-R-Coffeee-PLTrend-MQTT\B-R-Coffeee-PLTrend-MQTT\CoffeeMachine\Logical\Libraries\NcGlobal\NcGlobal.var"
    LogicalPath="Libraries.NcGlobal.NcGlobal.var"
    Type="File"
    LastWriteTime="132829196820000000"
    Private="false" />
  <Object
    Path="D:\B-R-Coffeee-PLTrend-MQTT\B-R-Coffeee-PLTrend-MQTT\CoffeeMachine\Logical\Libraries\Acp10sim\binary.lby"
    LogicalPath="Libraries.Acp10sim"
    Type="Library"
    LastWriteTime="132829196820000000" />
  <Object
    Path="D:\B-R-Coffeee-PLTrend-MQTT\B-R-Coffeee-PLTrend-MQTT\CoffeeMachine\Logical\Libraries\Acp10sim\acp10sim.var"
    LogicalPath="Libraries.Acp10sim.acp10sim.var"
    Type="File"
    LastWriteTime="132829196820000000"
    Private="false" />
  <Object
    Path="D:\B-R-Coffeee-PLTrend-MQTT\B-R-Coffeee-PLTrend-MQTT\CoffeeMachine\Logical\Libraries\Acp10sim\acp10sim.typ"
    LogicalPath="Libraries.Acp10sim.acp10sim.typ"
    Type="File"
    LastWriteTime="132829196820000000"
    Private="false" />
  <Object
    Path="D:\B-R-Coffeee-PLTrend-MQTT\B-R-Coffeee-PLTrend-MQTT\CoffeeMachine\Logical\Libraries\Acp10_MC\binary.lby"
    LogicalPath="Libraries.Acp10_MC"
    Type="Library"
    LastWriteTime="132829196820000000" />
  <Object
    Path="D:\B-R-Coffeee-PLTrend-MQTT\B-R-Coffeee-PLTrend-MQTT\CoffeeMachine\Logical\Libraries\Acp10_MC\acp10_mc.fun"
    LogicalPath="Libraries.Acp10_MC.acp10_mc.fun"
    Type="File"
    LastWriteTime="132829196820000000"
    Private="false" />
  <Object
    Path="D:\B-R-Coffeee-PLTrend-MQTT\B-R-Coffeee-PLTrend-MQTT\CoffeeMachine\Logical\Libraries\Acp10_MC\acp10_mc.typ"
    LogicalPath="Libraries.Acp10_MC.acp10_mc.typ"
    Type="File"
    LastWriteTime="132829196820000000"
    Private="false" />
  <Object
    Path="D:\B-R-Coffeee-PLTrend-MQTT\B-R-Coffeee-PLTrend-MQTT\CoffeeMachine\Logical\Libraries\Acp10_MC\acp10_mc.var"
    LogicalPath="Libraries.Acp10_MC.acp10_mc.var"
    Type="File"
    LastWriteTime="132829196820000000"
    Private="false" />
  <Object
    Path="D:\B-R-Coffeee-PLTrend-MQTT\B-R-Coffeee-PLTrend-MQTT\CoffeeMachine\Logical\Libraries\Acp10sdc\binary.lby"
    LogicalPath="Libraries.Acp10sdc"
    Type="Library"
    LastWriteTime="132829196820000000" />
  <Object
    Path="D:\B-R-Coffeee-PLTrend-MQTT\B-R-Coffeee-PLTrend-MQTT\CoffeeMachine\Logical\Libraries\Acp10sdc\acp10sdc.var"
    LogicalPath="Libraries.Acp10sdc.acp10sdc.var"
    Type="File"
    LastWriteTime="132829196820000000"
    Private="false" />
  <Object
    Path="D:\B-R-Coffeee-PLTrend-MQTT\B-R-Coffeee-PLTrend-MQTT\CoffeeMachine\Logical\Libraries\Acp10sdc\acp10sdc.typ"
    LogicalPath="Libraries.Acp10sdc.acp10sdc.typ"
    Type="File"
    LastWriteTime="132829196820000000"
    Private="false" />
  <Object
    Path="D:\B-R-Coffeee-PLTrend-MQTT\B-R-Coffeee-PLTrend-MQTT\CoffeeMachine\Physical\Simulation\Config.pkg"
    LogicalPath="Simulation"
    Type="Configuration.ParentUnknown"
    LastWriteTime="132496426680000000" />
  <Object
    Path="D:\B-R-Coffeee-PLTrend-MQTT\B-R-Coffeee-PLTrend-MQTT\CoffeeMachine\Physical\Simulation\Hardware.hw"
    LogicalPath="Simulation.Hardware.hw"
    Type="File"
    LastWriteTime="133188970239198384"
    Private="false" />
  <Object
    Path="D:\B-R-Coffeee-PLTrend-MQTT\B-R-Coffeee-PLTrend-MQTT\CoffeeMachine\Physical\Simulation\Hardware.hwl"
    LogicalPath="Simulation.Hardware.hwl"
    Type="File"
    LastWriteTime="132496426760000000"
    Private="false" />
  <Object
    Path="D:\B-R-Coffeee-PLTrend-MQTT\B-R-Coffeee-PLTrend-MQTT\CoffeeMachine\Physical\Simulation\ARsim\Cpu.pkg"
    LogicalPath="Simulation.ARsim"
    Type="Cpu"
    LastWriteTime="132924061200000000" />
  <Object
    Path="D:\B-R-Coffeee-PLTrend-MQTT\B-R-Coffeee-PLTrend-MQTT\CoffeeMachine\Physical\Simulation\ARsim\Cpu.sw"
    LogicalPath="Simulation.ARsim.Cpu.sw"
    Type="File"
    LastWriteTime="132829196820000000"
    Private="false" />
  <Object
    Path="D:\B-R-Coffeee-PLTrend-MQTT\B-R-Coffeee-PLTrend-MQTT\CoffeeMachine\Physical\Simulation\ARsim\Cpu.per"
    LogicalPath="Simulation.ARsim.Cpu.per"
    Type="File"
    LastWriteTime="128334473380000000"
    Private="false" />
  <Object
    Path="D:\B-R-Coffeee-PLTrend-MQTT\B-R-Coffeee-PLTrend-MQTT\CoffeeMachine\Physical\Simulation\ARsim\IoMap.iom"
    LogicalPath="Simulation.ARsim.IoMap.iom"
    Type="File"
    LastWriteTime="128334473380000000"
    Private="false" />
  <Object
    Path="D:\B-R-Coffeee-PLTrend-MQTT\B-R-Coffeee-PLTrend-MQTT\CoffeeMachine\Physical\Simulation\ARsim\PvMap.vvm"
    LogicalPath="Simulation.ARsim.PvMap.vvm"
    Type="File"
    LastWriteTime="128334473380000000"
    Private="false" />
  <Object
    Path="D:\B-R-Coffeee-PLTrend-MQTT\B-R-Coffeee-PLTrend-MQTT\CoffeeMachine\Physical\Simulation\ARsim\Motion\Package.pkg"
    LogicalPath="Simulation.ARsim.Motion"
    Type="Package"
    LastWriteTime="132829196820000000" />
  <Object
    Path="D:\B-R-Coffeee-PLTrend-MQTT\B-R-Coffeee-PLTrend-MQTT\CoffeeMachine\Physical\Simulation\ARsim\Motion\Acp10cfg.ncc"
    LogicalPath="Simulation.ARsim.Motion.Acp10cfg.ncc"
    Type="File"
    LastWriteTime="129985740680000000"
    Private="false" />
  <Object
    Path="D:\B-R-Coffeee-PLTrend-MQTT\B-R-Coffeee-PLTrend-MQTT\CoffeeMachine\Physical\Simulation\ARsim\Motion\Acp10map.ncm"
    LogicalPath="Simulation.ARsim.Motion.Acp10map.ncm"
    Type="File"
    LastWriteTime="129985739240000000"
    Private="false" />
  <Object
    Path="D:\B-R-Coffeee-PLTrend-MQTT\B-R-Coffeee-PLTrend-MQTT\CoffeeMachine\Physical\Simulation\ARsim\Motion\Acp10sys.br"
    LogicalPath="Simulation.ARsim.Motion.Acp10sys.br"
    Type="File"
    LastWriteTime="132829196820000000"
    Private="false" />
  <Object
    Path="D:\B-R-Coffeee-PLTrend-MQTT\B-R-Coffeee-PLTrend-MQTT\CoffeeMachine\Physical\Simulation\ARsim\TextSystem\Package.pkg"
    LogicalPath="Simulation.ARsim.TextSystem"
    Type="Package"
    LastWriteTime="131020707780000000" />
  <Object
    Path="D:\B-R-Coffeee-PLTrend-MQTT\B-R-Coffeee-PLTrend-MQTT\CoffeeMachine\Physical\Simulation\ARsim\AccessAndSecurity\Package.pkg"
    LogicalPath="Simulation.ARsim.AccessAndSecurity"
    Type="Package"
    LastWriteTime="131020707900000000" />
  <Object
    Path="D:\B-R-Coffeee-PLTrend-MQTT\B-R-Coffeee-PLTrend-MQTT\CoffeeMachine\Physical\Simulation\ARsim\AccessAndSecurity\UserRoleSystem\Package.pkg"
    LogicalPath="Simulation.ARsim.AccessAndSecurity.UserRoleSystem"
    Type="Package"
    LastWriteTime="131020707900000000" />
  <Object
    Path="D:\B-R-Coffeee-PLTrend-MQTT\B-R-Coffeee-PLTrend-MQTT\CoffeeMachine\Physical\Simulation\ARsim\AccessAndSecurity\UserRoleSystem\Role.role"
    LogicalPath="Simulation.ARsim.AccessAndSecurity.UserRoleSystem.Role.role"
    Type="File"
    LastWriteTime="131020707900000000"
    Private="false" />
  <Object
    Path="D:\B-R-Coffeee-PLTrend-MQTT\B-R-Coffeee-PLTrend-MQTT\CoffeeMachine\Physical\Simulation\ARsim\AccessAndSecurity\UserRoleSystem\User.user"
    LogicalPath="Simulation.ARsim.AccessAndSecurity.UserRoleSystem.User.user"
    Type="File"
    LastWriteTime="131020707900000000"
    Private="false" />
  <Object
    Path="D:\B-R-Coffeee-PLTrend-MQTT\B-R-Coffeee-PLTrend-MQTT\CoffeeMachine\Physical\Simulation\ARsim\AccessAndSecurity\CertificateStore\Package.pkg"
    LogicalPath="Simulation.ARsim.AccessAndSecurity.CertificateStore"
    Type="Package"
    LastWriteTime="131020707900000000" />
  <Object
    Path="D:\B-R-Coffeee-PLTrend-MQTT\B-R-Coffeee-PLTrend-MQTT\CoffeeMachine\Physical\Simulation\ARsim\AccessAndSecurity\CertificateStore\OwnCertificates\Package.pkg"
    LogicalPath="Simulation.ARsim.AccessAndSecurity.CertificateStore.OwnCertificates"
    Type="Package"
    LastWriteTime="131020707900000000" />
  <Object
    Path="D:\B-R-Coffeee-PLTrend-MQTT\B-R-Coffeee-PLTrend-MQTT\CoffeeMachine\Physical\Simulation\ARsim\AccessAndSecurity\CertificateStore\OwnCertificates\Certificates\Package.pkg"
    LogicalPath="Simulation.ARsim.AccessAndSecurity.CertificateStore.OwnCertificates.Certificates"
    Type="Package"
    LastWriteTime="131020707900000000" />
  <Object
    Path="D:\B-R-Coffeee-PLTrend-MQTT\B-R-Coffeee-PLTrend-MQTT\CoffeeMachine\Physical\Simulation\ARsim\AccessAndSecurity\CertificateStore\OwnCertificates\PrivateKeys\Package.pkg"
    LogicalPath="Simulation.ARsim.AccessAndSecurity.CertificateStore.OwnCertificates.PrivateKeys"
    Type="Package"
    LastWriteTime="131020707900000000" />
  <Object
    Path="D:\B-R-Coffeee-PLTrend-MQTT\B-R-Coffeee-PLTrend-MQTT\CoffeeMachine\Physical\Simulation\ARsim\AccessAndSecurity\CertificateStore\ThirdPartyCertificates\Package.pkg"
    LogicalPath="Simulation.ARsim.AccessAndSecurity.CertificateStore.ThirdPartyCertificates"
    Type="Package"
    LastWriteTime="131020707900000000" />
  <Object
    Path="D:\B-R-Coffeee-PLTrend-MQTT\B-R-Coffeee-PLTrend-MQTT\CoffeeMachine\Physical\Simulation\ARsim\AccessAndSecurity\CertificateStore\ThirdPartyCertificates\SoftwareCertificates\Package.pkg"
    LogicalPath="Simulation.ARsim.AccessAndSecurity.CertificateStore.ThirdPartyCertificates.SoftwareCertificates"
    Type="Package"
    LastWriteTime="131020707900000000" />
  <Object
    Path="D:\B-R-Coffeee-PLTrend-MQTT\B-R-Coffeee-PLTrend-MQTT\CoffeeMachine\Physical\Simulation\ARsim\AccessAndSecurity\CertificateStore\CertificateRevocationLists\Package.pkg"
    LogicalPath="Simulation.ARsim.AccessAndSecurity.CertificateStore.CertificateRevocationLists"
    Type="Package"
    LastWriteTime="131020707900000000" />
  <Object
    Path="D:\B-R-Coffeee-PLTrend-MQTT\B-R-Coffeee-PLTrend-MQTT\CoffeeMachine\Physical\Simulation\ARsim\AccessAndSecurity\CertificateStore\CertificateSigningRequests\Package.pkg"
    LogicalPath="Simulation.ARsim.AccessAndSecurity.CertificateStore.CertificateSigningRequests"
    Type="Package"
    LastWriteTime="131020707900000000" />
  <Object
    Path="D:\B-R-Coffeee-PLTrend-MQTT\B-R-Coffeee-PLTrend-MQTT\CoffeeMachine\Physical\Simulation\ARsim\AccessAndSecurity\TransportLayerSecurity\Package.pkg"
    LogicalPath="Simulation.ARsim.AccessAndSecurity.TransportLayerSecurity"
    Type="Package"
    LastWriteTime="131020707900000000" />
  <Object
    Path="D:\B-R-Coffeee-PLTrend-MQTT\B-R-Coffeee-PLTrend-MQTT\CoffeeMachine\Physical\Simulation\ARsim\Connectivity\Package.pkg"
    LogicalPath="Simulation.ARsim.Connectivity"
    Type="Package"
    LastWriteTime="131020707980000000" />
  <Object
    Path="D:\B-R-Coffeee-PLTrend-MQTT\B-R-Coffeee-PLTrend-MQTT\CoffeeMachine\Physical\Simulation\ARsim\Connectivity\OpcUA\Package.pkg"
    LogicalPath="Simulation.ARsim.Connectivity.OpcUA"
    Type="Package"
    LastWriteTime="131020707980000000" />
  <Object
    Path="D:\B-R-Coffeee-PLTrend-MQTT\B-R-Coffeee-PLTrend-MQTT\CoffeeMachine\Physical\Simulation\Hardware.jpg"
    LogicalPath="Simulation.Hardware.jpg"
    Type="File"
    LastWriteTime="132496426760000000"
    Private="false" />
</Objects>